<?xml version="1.0" encoding="UTF-8"?>
<!-- Generated by org.testng.reporters.JUnitReportReporter -->
<testsuite skipped="4" hostname="Samis-MacBook-Pro.local" name="com.Twitter.Sami.Twitter_API_Play" tests="5" failures="0" timestamp="17 Mar 2018 17:26:03 GMT" time="2.179" errors="0">
  <testcase name="read_Tweet_Text" time="2.179" classname="com.Twitter.Sami.Twitter_API_Play"/>
  <testcase name="verifyResponseTweetExists" classname="com.Twitter.Sami.Twitter_API_Play">
    <skipped/>
  </testcase> <!-- verifyResponseTweetExists -->
  <testcase name="readtweet" classname="com.Twitter.Sami.Twitter_API_Play">
    <skipped/>
  </testcase> <!-- readtweet -->
  <testcase name="post_Tweet1" classname="com.Twitter.Sami.Twitter_API_Play">
    <skipped/>
  </testcase> <!-- post_Tweet1 -->
  <testcase name="readTweet_withQuery_Param_limit_Count_Test" classname="com.Twitter.Sami.Twitter_API_Play">
    <skipped/>
  </testcase> <!-- readTweet_withQuery_Param_limit_Count_Test -->
</testsuite> <!-- com.Twitter.Sami.Twitter_API_Play -->
