<?xml version="1.0" encoding="UTF-8"?>
<!-- Generated by org.testng.reporters.JUnitReportReporter -->
<testsuite skipped="0" hostname="Samis-MacBook-Pro.local" name="com.Twitter.Sami.Twitter_Play_With_Posts" tests="3" failures="0" timestamp="18 Jun 2018 02:56:38 GMT" time="2.595" errors="0">
  <testcase name="read_MY_Tweet" time="0.476" classname="com.Twitter.Sami.Twitter_Play_With_Posts"/>
  <testcase name="delete_Tweet_ByID" time="0.382" classname="com.Twitter.Sami.Twitter_Play_With_Posts"/>
  <testcase name="post_MY_Tweet" time="1.737" classname="com.Twitter.Sami.Twitter_Play_With_Posts"/>
</testsuite> <!-- com.Twitter.Sami.Twitter_Play_With_Posts -->
